This is pdfTeX, Version 3.1415926-2.5-1.40.14 (TeX Live 2013/Debian) (format=pdflatex 2016.11.22)  22 NOV 2016 15:55
entering extended mode
 restricted \write18 enabled.
 %&-line parsing enabled.
**da_f2fs.tex
(./da_f2fs.tex
LaTeX2e <2011/06/27>
Babel <3.9h> and hyphenation patterns for 2 languages loaded.
(./jpaper.cls
Document Class: jpaper 2012/08/02 ISCA Submission template

! LaTeX Error: File `etoolbox.sty' not found.

Type X to quit or <RETURN> to proceed,
or enter new name. (Default extension: sty)

Enter file name: usenix.sty
(./usenix.sty
! I can't find file `twocolumn.sty'.
<to be read again> 
                   \let 
l.18 \usepackage
                {mathptmx}  % times roman, including math (where possible)
(Press Enter to retry, or Control-D to exit)
Please type another input file name: 
! I can't find file `twocolumn.sty'.
<to be read again> 
                   \let 
l.18 \usepackage
                {mathptmx}  % times roman, including math (where possible)
(Press Enter to retry, or Control-D to exit)
Please type another input file name: 
! Emergency stop.
<to be read again> 
                   \let 
l.18 \usepackage
                {mathptmx}  % times roman, including math (where possible)
End of file on the terminal!

 
Here is how much of TeX's memory you used:
 20 strings out of 495028
 297 string characters out of 6181496
 45944 words of memory out of 5000000
 3321 multiletter control sequences out of 15000+600000
 3640 words of font info for 14 fonts, out of 8000000 for 9000
 14 hyphenation exceptions out of 8191
 18i,0n,9p,134b,8s stack positions out of 5000i,500n,10000p,200000b,80000s
!  ==> Fatal error occurred, no output PDF file produced!
