This file contains any messages produced by compilers while
running configure, to aid debugging if configure makes a mistake.

It was created by F2FS tools configure 1.4.0, which was
generated by GNU Autoconf 2.69.  Invocation command line was

  $ ./configure 

## --------- ##
## Platform. ##
## --------- ##

hostname = jedisty-desktop
uname -m = x86_64
uname -r = 3.18.1
uname -s = Linux
uname -v = #24 SMP Thu Dec 17 14:41:23 KST 2015

/usr/bin/uname -p = unknown
/bin/uname -X     = unknown

/bin/arch              = unknown
/usr/bin/arch -k       = unknown
/usr/convex/getsysinfo = unknown
/usr/bin/hostinfo      = unknown
/bin/machine           = unknown
/usr/bin/oslevel       = unknown
/bin/universe          = unknown

PATH: /usr/local/sbin
PATH: /usr/local/bin
PATH: /usr/sbin
PATH: /usr/bin
PATH: /sbin
PATH: /bin
PATH: /usr/games
PATH: /usr/local/games


## ----------- ##
## Core tests. ##
## ----------- ##

configure:2424: checking for .git
configure:2437: result: no
configure:2499: checking for a BSD-compatible install
configure:2567: result: /usr/bin/install -c
configure:2578: checking whether build environment is sane
configure:2633: result: yes
configure:2784: checking for a thread-safe mkdir -p
configure:2823: result: /bin/mkdir -p
configure:2830: checking for gawk
configure:2860: result: no
configure:2830: checking for mawk
configure:2846: found /usr/bin/mawk
configure:2857: result: mawk
configure:2868: checking whether make sets $(MAKE)
configure:2890: result: yes
configure:2919: checking whether make supports nested variables
configure:2936: result: yes
configure:3015: checking how to create a pax tar archive
configure:3026: tar --version
tar (GNU tar) 1.27.1
Copyright (C) 2013 Free Software Foundation, Inc.
License GPLv3+: GNU GPL version 3 or later <http://gnu.org/licenses/gpl.html>.
This is free software: you are free to change and redistribute it.
There is NO WARRANTY, to the extent permitted by law.

Written by John Gilmore and Jay Fenlason.
configure:3029: $? = 0
configure:3069: tardir=conftest.dir && eval tar --format=posix -chf - "$tardir" >conftest.tar
configure:3072: $? = 0
configure:3076: tar -xf - <conftest.tar
configure:3079: $? = 0
configure:3081: cat conftest.dir/file
GrepMe
configure:3084: $? = 0
configure:3097: result: gnutar
configure:3159: checking for style of include used by make
configure:3187: result: GNU
configure:3258: checking for gcc
configure:3274: found /usr/bin/gcc
configure:3285: result: gcc
configure:3514: checking for C compiler version
configure:3523: gcc --version >&5
gcc (Ubuntu 4.8.4-2ubuntu1~14.04) 4.8.4
Copyright (C) 2013 Free Software Foundation, Inc.
This is free software; see the source for copying conditions.  There is NO
warranty; not even for MERCHANTABILITY or FITNESS FOR A PARTICULAR PURPOSE.

configure:3534: $? = 0
configure:3523: gcc -v >&5
Using built-in specs.
COLLECT_GCC=gcc
COLLECT_LTO_WRAPPER=/usr/lib/gcc/x86_64-linux-gnu/4.8/lto-wrapper
Target: x86_64-linux-gnu
Configured with: ../src/configure -v --with-pkgversion='Ubuntu 4.8.4-2ubuntu1~14.04' --with-bugurl=file:///usr/share/doc/gcc-4.8/README.Bugs --enable-languages=c,c++,java,go,d,fortran,objc,obj-c++ --prefix=/usr --program-suffix=-4.8 --enable-shared --enable-linker-build-id --libexecdir=/usr/lib --without-included-gettext --enable-threads=posix --with-gxx-include-dir=/usr/include/c++/4.8 --libdir=/usr/lib --enable-nls --with-sysroot=/ --enable-clocale=gnu --enable-libstdcxx-debug --enable-libstdcxx-time=yes --enable-gnu-unique-object --disable-libmudflap --enable-plugin --with-system-zlib --disable-browser-plugin --enable-java-awt=gtk --enable-gtk-cairo --with-java-home=/usr/lib/jvm/java-1.5.0-gcj-4.8-amd64/jre --enable-java-home --with-jvm-root-dir=/usr/lib/jvm/java-1.5.0-gcj-4.8-amd64 --with-jvm-jar-dir=/usr/lib/jvm-exports/java-1.5.0-gcj-4.8-amd64 --with-arch-directory=amd64 --with-ecj-jar=/usr/share/java/eclipse-ecj.jar --enable-objc-gc --enable-multiarch --disable-werror --with-arch-32=i686 --with-abi=m64 --with-multilib-list=m32,m64,mx32 --with-tune=generic --enable-checking=release --build=x86_64-linux-gnu --host=x86_64-linux-gnu --target=x86_64-linux-gnu
Thread model: posix
gcc version 4.8.4 (Ubuntu 4.8.4-2ubuntu1~14.04) 
configure:3534: $? = 0
configure:3523: gcc -V >&5
gcc: error: unrecognized command line option '-V'
gcc: fatal error: no input files
compilation terminated.
configure:3534: $? = 4
configure:3523: gcc -qversion >&5
gcc: error: unrecognized command line option '-qversion'
gcc: fatal error: no input files
compilation terminated.
configure:3534: $? = 4
configure:3554: checking whether the C compiler works
configure:3576: gcc    conftest.c  >&5
configure:3580: $? = 0
configure:3628: result: yes
configure:3631: checking for C compiler default output file name
configure:3633: result: a.out
configure:3639: checking for suffix of executables
configure:3646: gcc -o conftest    conftest.c  >&5
configure:3650: $? = 0
configure:3672: result: 
configure:3694: checking whether we are cross compiling
configure:3702: gcc -o conftest    conftest.c  >&5
configure:3706: $? = 0
configure:3713: ./conftest
configure:3717: $? = 0
configure:3732: result: no
configure:3737: checking for suffix of object files
configure:3759: gcc -c   conftest.c >&5
configure:3763: $? = 0
configure:3784: result: o
configure:3788: checking whether we are using the GNU C compiler
configure:3807: gcc -c   conftest.c >&5
configure:3807: $? = 0
configure:3816: result: yes
configure:3825: checking whether gcc accepts -g
configure:3845: gcc -c -g  conftest.c >&5
configure:3845: $? = 0
configure:3886: result: yes
configure:3903: checking for gcc option to accept ISO C89
configure:3966: gcc  -c -g -O2  conftest.c >&5
configure:3966: $? = 0
configure:3979: result: none needed
configure:4004: checking whether gcc understands -c and -o together
configure:4026: gcc -c conftest.c -o conftest2.o
configure:4029: $? = 0
configure:4026: gcc -c conftest.c -o conftest2.o
configure:4029: $? = 0
configure:4041: result: yes
configure:4060: checking dependency style of gcc
configure:4171: result: gcc3
configure:4192: checking how to run the C preprocessor
configure:4223: gcc -E  conftest.c
configure:4223: $? = 0
configure:4237: gcc -E  conftest.c
conftest.c:15:28: fatal error: ac_nonexistent.h: No such file or directory
 #include <ac_nonexistent.h>
                            ^
compilation terminated.
configure:4237: $? = 1
configure: failed program was:
| /* confdefs.h */
| #define PACKAGE_NAME "F2FS tools"
| #define PACKAGE_TARNAME "f2fs-tools"
| #define PACKAGE_VERSION "1.4.0"
| #define PACKAGE_STRING "F2FS tools 1.4.0"
| #define PACKAGE_BUGREPORT "linux-f2fs-devel@lists.sourceforge.net"
| #define PACKAGE_URL ""
| #define F2FS_TOOLS_VERSION "1.4.0"
| #define F2FS_MAJOR_VERSION 1
| #define F2FS_MINOR_VERSION 4
| #define F2FS_TOOLS_DATE "2014-09-18"
| #define PACKAGE "f2fs-tools"
| #define VERSION "1.4.0"
| /* end confdefs.h.  */
| #include <ac_nonexistent.h>
configure:4262: result: gcc -E
configure:4282: gcc -E  conftest.c
configure:4282: $? = 0
configure:4296: gcc -E  conftest.c
conftest.c:15:28: fatal error: ac_nonexistent.h: No such file or directory
 #include <ac_nonexistent.h>
                            ^
compilation terminated.
configure:4296: $? = 1
configure: failed program was:
| /* confdefs.h */
| #define PACKAGE_NAME "F2FS tools"
| #define PACKAGE_TARNAME "f2fs-tools"
| #define PACKAGE_VERSION "1.4.0"
| #define PACKAGE_STRING "F2FS tools 1.4.0"
| #define PACKAGE_BUGREPORT "linux-f2fs-devel@lists.sourceforge.net"
| #define PACKAGE_URL ""
| #define F2FS_TOOLS_VERSION "1.4.0"
| #define F2FS_MAJOR_VERSION 1
| #define F2FS_MINOR_VERSION 4
| #define F2FS_TOOLS_DATE "2014-09-18"
| #define PACKAGE "f2fs-tools"
| #define VERSION "1.4.0"
| /* end confdefs.h.  */
| #include <ac_nonexistent.h>
configure:4325: checking for grep that handles long lines and -e
configure:4383: result: /bin/grep
configure:4388: checking for egrep
configure:4450: result: /bin/grep -E
configure:4455: checking for ANSI C header files
configure:4475: gcc -c -g -O2  conftest.c >&5
configure:4475: $? = 0
configure:4548: gcc -o conftest -g -O2   conftest.c  >&5
configure:4548: $? = 0
configure:4548: ./conftest
configure:4548: $? = 0
configure:4559: result: yes
configure:4572: checking for sys/types.h
configure:4572: gcc -c -g -O2  conftest.c >&5
configure:4572: $? = 0
configure:4572: result: yes
configure:4572: checking for sys/stat.h
configure:4572: gcc -c -g -O2  conftest.c >&5
configure:4572: $? = 0
configure:4572: result: yes
configure:4572: checking for stdlib.h
configure:4572: gcc -c -g -O2  conftest.c >&5
configure:4572: $? = 0
configure:4572: result: yes
configure:4572: checking for string.h
configure:4572: gcc -c -g -O2  conftest.c >&5
configure:4572: $? = 0
configure:4572: result: yes
configure:4572: checking for memory.h
configure:4572: gcc -c -g -O2  conftest.c >&5
configure:4572: $? = 0
configure:4572: result: yes
configure:4572: checking for strings.h
configure:4572: gcc -c -g -O2  conftest.c >&5
configure:4572: $? = 0
configure:4572: result: yes
configure:4572: checking for inttypes.h
configure:4572: gcc -c -g -O2  conftest.c >&5
configure:4572: $? = 0
configure:4572: result: yes
configure:4572: checking for stdint.h
configure:4572: gcc -c -g -O2  conftest.c >&5
configure:4572: $? = 0
configure:4572: result: yes
configure:4572: checking for unistd.h
configure:4572: gcc -c -g -O2  conftest.c >&5
configure:4572: $? = 0
configure:4572: result: yes
configure:4590: checking for fcntl.h
configure:4590: gcc -c -g -O2  conftest.c >&5
configure:4590: $? = 0
configure:4590: result: yes
configure:4590: checking for mntent.h
configure:4590: gcc -c -g -O2  conftest.c >&5
configure:4590: $? = 0
configure:4590: result: yes
configure:4590: checking for stdlib.h
configure:4590: result: yes
configure:4590: checking for string.h
configure:4590: result: yes
configure:4590: checking for unistd.h
configure:4590: result: yes
configure:4590: checking for sys/ioctl.h
configure:4590: gcc -c -g -O2  conftest.c >&5
configure:4590: $? = 0
configure:4590: result: yes
configure:4590: checking for sys/mount.h
configure:4590: gcc -c -g -O2  conftest.c >&5
configure:4590: $? = 0
configure:4590: result: yes
configure:4666: checking for gcc
configure:4693: result: gcc
configure:4922: checking for C compiler version
configure:4931: gcc --version >&5
gcc (Ubuntu 4.8.4-2ubuntu1~14.04) 4.8.4
Copyright (C) 2013 Free Software Foundation, Inc.
This is free software; see the source for copying conditions.  There is NO
warranty; not even for MERCHANTABILITY or FITNESS FOR A PARTICULAR PURPOSE.

configure:4942: $? = 0
configure:4931: gcc -v >&5
Using built-in specs.
COLLECT_GCC=gcc
COLLECT_LTO_WRAPPER=/usr/lib/gcc/x86_64-linux-gnu/4.8/lto-wrapper
Target: x86_64-linux-gnu
Configured with: ../src/configure -v --with-pkgversion='Ubuntu 4.8.4-2ubuntu1~14.04' --with-bugurl=file:///usr/share/doc/gcc-4.8/README.Bugs --enable-languages=c,c++,java,go,d,fortran,objc,obj-c++ --prefix=/usr --program-suffix=-4.8 --enable-shared --enable-linker-build-id --libexecdir=/usr/lib --without-included-gettext --enable-threads=posix --with-gxx-include-dir=/usr/include/c++/4.8 --libdir=/usr/lib --enable-nls --with-sysroot=/ --enable-clocale=gnu --enable-libstdcxx-debug --enable-libstdcxx-time=yes --enable-gnu-unique-object --disable-libmudflap --enable-plugin --with-system-zlib --disable-browser-plugin --enable-java-awt=gtk --enable-gtk-cairo --with-java-home=/usr/lib/jvm/java-1.5.0-gcj-4.8-amd64/jre --enable-java-home --with-jvm-root-dir=/usr/lib/jvm/java-1.5.0-gcj-4.8-amd64 --with-jvm-jar-dir=/usr/lib/jvm-exports/java-1.5.0-gcj-4.8-amd64 --with-arch-directory=amd64 --with-ecj-jar=/usr/share/java/eclipse-ecj.jar --enable-objc-gc --enable-multiarch --disable-werror --with-arch-32=i686 --with-abi=m64 --with-multilib-list=m32,m64,mx32 --with-tune=generic --enable-checking=release --build=x86_64-linux-gnu --host=x86_64-linux-gnu --target=x86_64-linux-gnu
Thread model: posix
gcc version 4.8.4 (Ubuntu 4.8.4-2ubuntu1~14.04) 
configure:4942: $? = 0
configure:4931: gcc -V >&5
gcc: error: unrecognized command line option '-V'
gcc: fatal error: no input files
compilation terminated.
configure:4942: $? = 4
configure:4931: gcc -qversion >&5
gcc: error: unrecognized command line option '-qversion'
gcc: fatal error: no input files
compilation terminated.
configure:4942: $? = 4
configure:4946: checking whether we are using the GNU C compiler
configure:4974: result: yes
configure:4983: checking whether gcc accepts -g
configure:5044: result: yes
configure:5061: checking for gcc option to accept ISO C89
configure:5137: result: none needed
configure:5162: checking whether gcc understands -c and -o together
configure:5199: result: yes
configure:5218: checking dependency style of gcc
configure:5329: result: gcc3
configure:5373: checking build system type
configure:5387: result: x86_64-unknown-linux-gnu
configure:5407: checking host system type
configure:5420: result: x86_64-unknown-linux-gnu
configure:5461: checking how to print strings
configure:5488: result: printf
configure:5509: checking for a sed that does not truncate output
configure:5573: result: /bin/sed
configure:5591: checking for fgrep
configure:5653: result: /bin/grep -F
configure:5688: checking for ld used by gcc
configure:5755: result: /usr/bin/ld
configure:5762: checking if the linker (/usr/bin/ld) is GNU ld
configure:5777: result: yes
configure:5789: checking for BSD- or MS-compatible name lister (nm)
configure:5838: result: /usr/bin/nm -B
configure:5968: checking the name lister (/usr/bin/nm -B) interface
configure:5975: gcc -c -g -O2  conftest.c >&5
configure:5978: /usr/bin/nm -B "conftest.o"
configure:5981: output
0000000000000000 B some_variable
configure:5988: result: BSD nm
configure:5991: checking whether ln -s works
configure:5995: result: yes
configure:6003: checking the maximum length of command line arguments
configure:6134: result: 1572864
configure:6151: checking whether the shell understands some XSI constructs
configure:6161: result: yes
configure:6165: checking whether the shell understands "+="
configure:6171: result: yes
configure:6206: checking how to convert x86_64-unknown-linux-gnu file names to x86_64-unknown-linux-gnu format
configure:6246: result: func_convert_file_noop
configure:6253: checking how to convert x86_64-unknown-linux-gnu file names to toolchain format
configure:6273: result: func_convert_file_noop
configure:6280: checking for /usr/bin/ld option to reload object files
configure:6287: result: -r
configure:6361: checking for objdump
configure:6377: found /usr/bin/objdump
configure:6388: result: objdump
configure:6420: checking how to recognize dependent libraries
configure:6618: result: pass_all
configure:6703: checking for dlltool
configure:6733: result: no
configure:6763: checking how to associate runtime and link libraries
configure:6790: result: printf %s\n
configure:6850: checking for ar
configure:6866: found /usr/bin/ar
configure:6877: result: ar
configure:6914: checking for archiver @FILE support
configure:6931: gcc -c -g -O2  conftest.c >&5
configure:6931: $? = 0
configure:6934: ar cru libconftest.a @conftest.lst >&5
configure:6937: $? = 0
configure:6942: ar cru libconftest.a @conftest.lst >&5
ar: conftest.o: No such file or directory
configure:6945: $? = 1
configure:6957: result: @
configure:7015: checking for strip
configure:7031: found /usr/bin/strip
configure:7042: result: strip
configure:7114: checking for ranlib
configure:7130: found /usr/bin/ranlib
configure:7141: result: ranlib
configure:7243: checking command to parse /usr/bin/nm -B output from gcc object
configure:7363: gcc -c -g -O2  conftest.c >&5
configure:7366: $? = 0
configure:7370: /usr/bin/nm -B conftest.o \| sed -n -e 's/^.*[ ]\([ABCDGIRSTW][ABCDGIRSTW]*\)[ ][ ]*\([_A-Za-z][_A-Za-z0-9]*\)$/\1 \2 \2/p' | sed '/ __gnu_lto/d' \> conftest.nm
configure:7373: $? = 0
configure:7439: gcc -o conftest -g -O2   conftest.c conftstm.o >&5
configure:7442: $? = 0
configure:7480: result: ok
configure:7517: checking for sysroot
configure:7547: result: no
configure:7624: gcc -c -g -O2  conftest.c >&5
configure:7627: $? = 0
configure:7816: checking for mt
configure:7832: found /bin/mt
configure:7843: result: mt
configure:7866: checking if mt is a manifest tool
configure:7872: mt '-?'
configure:7880: result: no
configure:8519: checking for dlfcn.h
configure:8519: gcc -c -g -O2  conftest.c >&5
configure:8519: $? = 0
configure:8519: result: yes
configure:8725: checking for objdir
configure:8740: result: .libs
configure:9011: checking if gcc supports -fno-rtti -fno-exceptions
configure:9029: gcc -c -g -O2  -fno-rtti -fno-exceptions conftest.c >&5
cc1: warning: command line option '-fno-rtti' is valid for C++/ObjC++ but not for C [enabled by default]
configure:9033: $? = 0
configure:9046: result: no
configure:9373: checking for gcc option to produce PIC
configure:9380: result: -fPIC -DPIC
configure:9388: checking if gcc PIC flag -fPIC -DPIC works
configure:9406: gcc -c -g -O2  -fPIC -DPIC -DPIC conftest.c >&5
configure:9410: $? = 0
configure:9423: result: yes
configure:9452: checking if gcc static flag -static works
configure:9480: result: yes
configure:9495: checking if gcc supports -c -o file.o
configure:9516: gcc -c -g -O2  -o out/conftest2.o conftest.c >&5
configure:9520: $? = 0
configure:9542: result: yes
configure:9550: checking if gcc supports -c -o file.o
configure:9597: result: yes
configure:9630: checking whether the gcc linker (/usr/bin/ld -m elf_x86_64) supports shared libraries
configure:10787: result: yes
configure:10824: checking whether -lc should be explicitly linked in
configure:10832: gcc -c -g -O2  conftest.c >&5
configure:10835: $? = 0
configure:10850: gcc -shared  -fPIC -DPIC conftest.o  -v -Wl,-soname -Wl,conftest -o conftest 2\>\&1 \| /bin/grep  -lc  \>/dev/null 2\>\&1
configure:10853: $? = 0
configure:10867: result: no
configure:11027: checking dynamic linker characteristics
configure:11527: gcc -o conftest -g -O2   -Wl,-rpath -Wl,/foo conftest.c  >&5
configure:11527: $? = 0
configure:11761: result: GNU/Linux ld.so
configure:11868: checking how to hardcode library paths into programs
configure:11893: result: immediate
configure:12433: checking whether stripping libraries is possible
configure:12438: result: yes
configure:12473: checking if libtool supports shared libraries
configure:12475: result: yes
configure:12478: checking whether to build shared libraries
configure:12499: result: yes
configure:12502: checking whether to build static libraries
configure:12506: result: yes
configure:12545: checking for ldconfig
configure:12564: found /sbin/ldconfig
configure:12577: result: /sbin/ldconfig
configure:12641: checking for pkg-config
configure:12659: found /usr/bin/pkg-config
configure:12671: result: /usr/bin/pkg-config
configure:12696: checking pkg-config is at least version 0.9.0
configure:12699: result: yes
configure:12709: checking for libuuid
configure:12716: $PKG_CONFIG --exists --print-errors "uuid"
configure:12719: $? = 0
configure:12733: $PKG_CONFIG --exists --print-errors "uuid"
configure:12736: $? = 0
configure:12794: result: yes
configure:12804: checking linux/fs.h usability
configure:12804: gcc -c -g -O2  conftest.c >&5
configure:12804: $? = 0
configure:12804: result: yes
configure:12804: checking linux/fs.h presence
configure:12804: gcc -E  conftest.c
configure:12804: $? = 0
configure:12804: result: yes
configure:12804: checking for linux/fs.h
configure:12804: result: yes
configure:12804: checking for fcntl.h
configure:12804: result: yes
configure:12804: checking for mntent.h
configure:12804: result: yes
configure:12804: checking for stdlib.h
configure:12804: result: yes
configure:12804: checking for string.h
configure:12804: result: yes
configure:12804: checking for sys/ioctl.h
configure:12804: result: yes
configure:12804: checking for sys/mount.h
configure:12804: result: yes
configure:12804: checking for unistd.h
configure:12804: result: yes
configure:12804: checking linux/falloc.h usability
configure:12804: gcc -c -g -O2  conftest.c >&5
configure:12804: $? = 0
configure:12804: result: yes
configure:12804: checking linux/falloc.h presence
configure:12804: gcc -E  conftest.c
configure:12804: $? = 0
configure:12804: result: yes
configure:12804: checking for linux/falloc.h
configure:12804: result: yes
configure:12804: checking byteswap.h usability
configure:12804: gcc -c -g -O2  conftest.c >&5
configure:12804: $? = 0
configure:12804: result: yes
configure:12804: checking byteswap.h presence
configure:12804: gcc -E  conftest.c
configure:12804: $? = 0
configure:12804: result: yes
configure:12804: checking for byteswap.h
configure:12804: result: yes
configure:12816: checking for inline
configure:12832: gcc -c -g -O2  conftest.c >&5
configure:12832: $? = 0
configure:12840: result: inline
configure:12858: checking for int32_t
configure:12858: gcc -c -g -O2  conftest.c >&5
configure:12858: $? = 0
configure:12858: gcc -c -g -O2  conftest.c >&5
conftest.c: In function 'main':
conftest.c:82:53: warning: integer overflow in expression [-Woverflow]
    < (int32_t) (((((int32_t) 1 << N) << N) - 1) * 2 + 2))];
                                                     ^
conftest.c:81:12: error: storage size of 'test_array' isn't constant
 static int test_array [1 - 2 * !((int32_t) (((((int32_t) 1 << N) << N) - 1) * 2 + 1)
            ^
configure:12858: $? = 1
configure: failed program was:
| /* confdefs.h */
| #define PACKAGE_NAME "F2FS tools"
| #define PACKAGE_TARNAME "f2fs-tools"
| #define PACKAGE_VERSION "1.4.0"
| #define PACKAGE_STRING "F2FS tools 1.4.0"
| #define PACKAGE_BUGREPORT "linux-f2fs-devel@lists.sourceforge.net"
| #define PACKAGE_URL ""
| #define F2FS_TOOLS_VERSION "1.4.0"
| #define F2FS_MAJOR_VERSION 1
| #define F2FS_MINOR_VERSION 4
| #define F2FS_TOOLS_DATE "2014-09-18"
| #define PACKAGE "f2fs-tools"
| #define VERSION "1.4.0"
| #define STDC_HEADERS 1
| #define HAVE_SYS_TYPES_H 1
| #define HAVE_SYS_STAT_H 1
| #define HAVE_STDLIB_H 1
| #define HAVE_STRING_H 1
| #define HAVE_MEMORY_H 1
| #define HAVE_STRINGS_H 1
| #define HAVE_INTTYPES_H 1
| #define HAVE_STDINT_H 1
| #define HAVE_UNISTD_H 1
| #define HAVE_FCNTL_H 1
| #define HAVE_MNTENT_H 1
| #define HAVE_STDLIB_H 1
| #define HAVE_STRING_H 1
| #define HAVE_UNISTD_H 1
| #define HAVE_SYS_IOCTL_H 1
| #define HAVE_SYS_MOUNT_H 1
| #define HAVE_DLFCN_H 1
| #define LT_OBJDIR ".libs/"
| #define HAVE_LINUX_FS_H 1
| #define HAVE_FCNTL_H 1
| #define HAVE_MNTENT_H 1
| #define HAVE_STDLIB_H 1
| #define HAVE_STRING_H 1
| #define HAVE_SYS_IOCTL_H 1
| #define HAVE_SYS_MOUNT_H 1
| #define HAVE_UNISTD_H 1
| #define HAVE_LINUX_FALLOC_H 1
| #define HAVE_BYTESWAP_H 1
| /* end confdefs.h.  */
| #include <stdio.h>
| #ifdef HAVE_SYS_TYPES_H
| # include <sys/types.h>
| #endif
| #ifdef HAVE_SYS_STAT_H
| # include <sys/stat.h>
| #endif
| #ifdef STDC_HEADERS
| # include <stdlib.h>
| # include <stddef.h>
| #else
| # ifdef HAVE_STDLIB_H
| #  include <stdlib.h>
| # endif
| #endif
| #ifdef HAVE_STRING_H
| # if !defined STDC_HEADERS && defined HAVE_MEMORY_H
| #  include <memory.h>
| # endif
| # include <string.h>
| #endif
| #ifdef HAVE_STRINGS_H
| # include <strings.h>
| #endif
| #ifdef HAVE_INTTYPES_H
| # include <inttypes.h>
| #endif
| #ifdef HAVE_STDINT_H
| # include <stdint.h>
| #endif
| #ifdef HAVE_UNISTD_H
| # include <unistd.h>
| #endif
| 	        enum { N = 32 / 2 - 1 };
| int
| main ()
| {
| static int test_array [1 - 2 * !((int32_t) (((((int32_t) 1 << N) << N) - 1) * 2 + 1)
| 		 < (int32_t) (((((int32_t) 1 << N) << N) - 1) * 2 + 2))];
| test_array [0] = 0;
| return test_array [0];
| 
|   ;
|   return 0;
| }
configure:12858: result: yes
configure:12869: checking for int8_t
configure:12869: gcc -c -g -O2  conftest.c >&5
configure:12869: $? = 0
configure:12869: gcc -c -g -O2  conftest.c >&5
conftest.c: In function 'main':
conftest.c:81:12: error: size of array 'test_array' is negative
 static int test_array [1 - 2 * !((int8_t) (((((int8_t) 1 << N) << N) - 1) * 2 + 1)
            ^
configure:12869: $? = 1
configure: failed program was:
| /* confdefs.h */
| #define PACKAGE_NAME "F2FS tools"
| #define PACKAGE_TARNAME "f2fs-tools"
| #define PACKAGE_VERSION "1.4.0"
| #define PACKAGE_STRING "F2FS tools 1.4.0"
| #define PACKAGE_BUGREPORT "linux-f2fs-devel@lists.sourceforge.net"
| #define PACKAGE_URL ""
| #define F2FS_TOOLS_VERSION "1.4.0"
| #define F2FS_MAJOR_VERSION 1
| #define F2FS_MINOR_VERSION 4
| #define F2FS_TOOLS_DATE "2014-09-18"
| #define PACKAGE "f2fs-tools"
| #define VERSION "1.4.0"
| #define STDC_HEADERS 1
| #define HAVE_SYS_TYPES_H 1
| #define HAVE_SYS_STAT_H 1
| #define HAVE_STDLIB_H 1
| #define HAVE_STRING_H 1
| #define HAVE_MEMORY_H 1
| #define HAVE_STRINGS_H 1
| #define HAVE_INTTYPES_H 1
| #define HAVE_STDINT_H 1
| #define HAVE_UNISTD_H 1
| #define HAVE_FCNTL_H 1
| #define HAVE_MNTENT_H 1
| #define HAVE_STDLIB_H 1
| #define HAVE_STRING_H 1
| #define HAVE_UNISTD_H 1
| #define HAVE_SYS_IOCTL_H 1
| #define HAVE_SYS_MOUNT_H 1
| #define HAVE_DLFCN_H 1
| #define LT_OBJDIR ".libs/"
| #define HAVE_LINUX_FS_H 1
| #define HAVE_FCNTL_H 1
| #define HAVE_MNTENT_H 1
| #define HAVE_STDLIB_H 1
| #define HAVE_STRING_H 1
| #define HAVE_SYS_IOCTL_H 1
| #define HAVE_SYS_MOUNT_H 1
| #define HAVE_UNISTD_H 1
| #define HAVE_LINUX_FALLOC_H 1
| #define HAVE_BYTESWAP_H 1
| /* end confdefs.h.  */
| #include <stdio.h>
| #ifdef HAVE_SYS_TYPES_H
| # include <sys/types.h>
| #endif
| #ifdef HAVE_SYS_STAT_H
| # include <sys/stat.h>
| #endif
| #ifdef STDC_HEADERS
| # include <stdlib.h>
| # include <stddef.h>
| #else
| # ifdef HAVE_STDLIB_H
| #  include <stdlib.h>
| # endif
| #endif
| #ifdef HAVE_STRING_H
| # if !defined STDC_HEADERS && defined HAVE_MEMORY_H
| #  include <memory.h>
| # endif
| # include <string.h>
| #endif
| #ifdef HAVE_STRINGS_H
| # include <strings.h>
| #endif
| #ifdef HAVE_INTTYPES_H
| # include <inttypes.h>
| #endif
| #ifdef HAVE_STDINT_H
| # include <stdint.h>
| #endif
| #ifdef HAVE_UNISTD_H
| # include <unistd.h>
| #endif
| 	        enum { N = 8 / 2 - 1 };
| int
| main ()
| {
| static int test_array [1 - 2 * !((int8_t) (((((int8_t) 1 << N) << N) - 1) * 2 + 1)
| 		 < (int8_t) (((((int8_t) 1 << N) << N) - 1) * 2 + 2))];
| test_array [0] = 0;
| return test_array [0];
| 
|   ;
|   return 0;
| }
configure:12869: result: yes
configure:12880: checking for size_t
configure:12880: gcc -c -g -O2  conftest.c >&5
configure:12880: $? = 0
configure:12880: gcc -c -g -O2  conftest.c >&5
conftest.c: In function 'main':
conftest.c:80:21: error: expected expression before ')' token
 if (sizeof ((size_t)))
                     ^
configure:12880: $? = 1
configure: failed program was:
| /* confdefs.h */
| #define PACKAGE_NAME "F2FS tools"
| #define PACKAGE_TARNAME "f2fs-tools"
| #define PACKAGE_VERSION "1.4.0"
| #define PACKAGE_STRING "F2FS tools 1.4.0"
| #define PACKAGE_BUGREPORT "linux-f2fs-devel@lists.sourceforge.net"
| #define PACKAGE_URL ""
| #define F2FS_TOOLS_VERSION "1.4.0"
| #define F2FS_MAJOR_VERSION 1
| #define F2FS_MINOR_VERSION 4
| #define F2FS_TOOLS_DATE "2014-09-18"
| #define PACKAGE "f2fs-tools"
| #define VERSION "1.4.0"
| #define STDC_HEADERS 1
| #define HAVE_SYS_TYPES_H 1
| #define HAVE_SYS_STAT_H 1
| #define HAVE_STDLIB_H 1
| #define HAVE_STRING_H 1
| #define HAVE_MEMORY_H 1
| #define HAVE_STRINGS_H 1
| #define HAVE_INTTYPES_H 1
| #define HAVE_STDINT_H 1
| #define HAVE_UNISTD_H 1
| #define HAVE_FCNTL_H 1
| #define HAVE_MNTENT_H 1
| #define HAVE_STDLIB_H 1
| #define HAVE_STRING_H 1
| #define HAVE_UNISTD_H 1
| #define HAVE_SYS_IOCTL_H 1
| #define HAVE_SYS_MOUNT_H 1
| #define HAVE_DLFCN_H 1
| #define LT_OBJDIR ".libs/"
| #define HAVE_LINUX_FS_H 1
| #define HAVE_FCNTL_H 1
| #define HAVE_MNTENT_H 1
| #define HAVE_STDLIB_H 1
| #define HAVE_STRING_H 1
| #define HAVE_SYS_IOCTL_H 1
| #define HAVE_SYS_MOUNT_H 1
| #define HAVE_UNISTD_H 1
| #define HAVE_LINUX_FALLOC_H 1
| #define HAVE_BYTESWAP_H 1
| /* end confdefs.h.  */
| #include <stdio.h>
| #ifdef HAVE_SYS_TYPES_H
| # include <sys/types.h>
| #endif
| #ifdef HAVE_SYS_STAT_H
| # include <sys/stat.h>
| #endif
| #ifdef STDC_HEADERS
| # include <stdlib.h>
| # include <stddef.h>
| #else
| # ifdef HAVE_STDLIB_H
| #  include <stdlib.h>
| # endif
| #endif
| #ifdef HAVE_STRING_H
| # if !defined STDC_HEADERS && defined HAVE_MEMORY_H
| #  include <memory.h>
| # endif
| # include <string.h>
| #endif
| #ifdef HAVE_STRINGS_H
| # include <strings.h>
| #endif
| #ifdef HAVE_INTTYPES_H
| # include <inttypes.h>
| #endif
| #ifdef HAVE_STDINT_H
| # include <stdint.h>
| #endif
| #ifdef HAVE_UNISTD_H
| # include <unistd.h>
| #endif
| int
| main ()
| {
| if (sizeof ((size_t)))
| 	    return 0;
|   ;
|   return 0;
| }
configure:12880: result: yes
configure:12895: checking for library containing getmntent
configure:12926: gcc -o conftest -g -O2   conftest.c  >&5
configure:12926: $? = 0
configure:12943: result: none required
configure:12963: checking for getmntent
configure:12963: result: yes
configure:12963: checking for memset
configure:12963: gcc -o conftest -g -O2   conftest.c  >&5
conftest.c:69:6: warning: conflicting types for built-in function 'memset' [enabled by default]
 char memset ();
      ^
configure:12963: $? = 0
configure:12963: result: yes
configure:12979: checking whether bswap_64 is declared
configure:12979: gcc -c -g -O2  conftest.c >&5
configure:12979: $? = 0
configure:12979: result: yes
configure:13113: checking that generated files are newer than configure
configure:13119: result: done
configure:13146: creating ./config.status

## ---------------------- ##
## Running config.status. ##
## ---------------------- ##

This file was extended by F2FS tools config.status 1.4.0, which was
generated by GNU Autoconf 2.69.  Invocation command line was

  CONFIG_FILES    = 
  CONFIG_HEADERS  = 
  CONFIG_LINKS    = 
  CONFIG_COMMANDS = 
  $ ./config.status 

on jedisty-desktop

config.status:1116: creating Makefile
config.status:1116: creating man/Makefile
config.status:1116: creating lib/Makefile
config.status:1116: creating mkfs/Makefile
config.status:1116: creating fsck/Makefile
config.status:1116: creating tools/Makefile
config.status:1116: creating config.h
config.status:1297: config.h is unchanged
config.status:1345: executing depfiles commands
config.status:1345: executing libtool commands

## ---------------- ##
## Cache variables. ##
## ---------------- ##

ac_cv_build=x86_64-unknown-linux-gnu
ac_cv_c_compiler_gnu=yes
ac_cv_c_inline=inline
ac_cv_c_int32_t=yes
ac_cv_c_int8_t=yes
ac_cv_env_CC_set=
ac_cv_env_CC_value=
ac_cv_env_CFLAGS_set=
ac_cv_env_CFLAGS_value=
ac_cv_env_CPPFLAGS_set=
ac_cv_env_CPPFLAGS_value=
ac_cv_env_CPP_set=
ac_cv_env_CPP_value=
ac_cv_env_LDFLAGS_set=
ac_cv_env_LDFLAGS_value=
ac_cv_env_LIBS_set=
ac_cv_env_LIBS_value=
ac_cv_env_PKG_CONFIG_LIBDIR_set=
ac_cv_env_PKG_CONFIG_LIBDIR_value=
ac_cv_env_PKG_CONFIG_PATH_set=
ac_cv_env_PKG_CONFIG_PATH_value=
ac_cv_env_PKG_CONFIG_set=
ac_cv_env_PKG_CONFIG_value=
ac_cv_env_build_alias_set=
ac_cv_env_build_alias_value=
ac_cv_env_host_alias_set=
ac_cv_env_host_alias_value=
ac_cv_env_libuuid_CFLAGS_set=
ac_cv_env_libuuid_CFLAGS_value=
ac_cv_env_libuuid_LIBS_set=
ac_cv_env_libuuid_LIBS_value=
ac_cv_env_target_alias_set=
ac_cv_env_target_alias_value=
ac_cv_file__git=no
ac_cv_func_getmntent=yes
ac_cv_func_memset=yes
ac_cv_have_decl_bswap_64=yes
ac_cv_header_byteswap_h=yes
ac_cv_header_dlfcn_h=yes
ac_cv_header_fcntl_h=yes
ac_cv_header_inttypes_h=yes
ac_cv_header_linux_falloc_h=yes
ac_cv_header_linux_fs_h=yes
ac_cv_header_memory_h=yes
ac_cv_header_mntent_h=yes
ac_cv_header_stdc=yes
ac_cv_header_stdint_h=yes
ac_cv_header_stdlib_h=yes
ac_cv_header_string_h=yes
ac_cv_header_strings_h=yes
ac_cv_header_sys_ioctl_h=yes
ac_cv_header_sys_mount_h=yes
ac_cv_header_sys_stat_h=yes
ac_cv_header_sys_types_h=yes
ac_cv_header_unistd_h=yes
ac_cv_host=x86_64-unknown-linux-gnu
ac_cv_objext=o
ac_cv_path_EGREP='/bin/grep -E'
ac_cv_path_FGREP='/bin/grep -F'
ac_cv_path_GREP=/bin/grep
ac_cv_path_LDCONFIG=/sbin/ldconfig
ac_cv_path_SED=/bin/sed
ac_cv_path_ac_pt_PKG_CONFIG=/usr/bin/pkg-config
ac_cv_path_install='/usr/bin/install -c'
ac_cv_path_mkdir=/bin/mkdir
ac_cv_prog_AWK=mawk
ac_cv_prog_CPP='gcc -E'
ac_cv_prog_ac_ct_AR=ar
ac_cv_prog_ac_ct_CC=gcc
ac_cv_prog_ac_ct_MANIFEST_TOOL=mt
ac_cv_prog_ac_ct_OBJDUMP=objdump
ac_cv_prog_ac_ct_RANLIB=ranlib
ac_cv_prog_ac_ct_STRIP=strip
ac_cv_prog_cc_c89=
ac_cv_prog_cc_g=yes
ac_cv_prog_make_make_set=yes
ac_cv_search_getmntent='none required'
ac_cv_type_size_t=yes
am_cv_CC_dependencies_compiler_type=gcc3
am_cv_make_support_nested_variables=yes
am_cv_prog_cc_c_o=yes
am_cv_prog_tar_pax=gnutar
lt_cv_ar_at_file=@
lt_cv_archive_cmds_need_lc=no
lt_cv_deplibs_check_method=pass_all
lt_cv_file_magic_cmd='$MAGIC_CMD'
lt_cv_file_magic_test_file=
lt_cv_ld_reload_flag=-r
lt_cv_nm_interface='BSD nm'
lt_cv_objdir=.libs
lt_cv_path_LD=/usr/bin/ld
lt_cv_path_NM='/usr/bin/nm -B'
lt_cv_path_mainfest_tool=no
lt_cv_prog_compiler_c_o=yes
lt_cv_prog_compiler_pic='-fPIC -DPIC'
lt_cv_prog_compiler_pic_works=yes
lt_cv_prog_compiler_rtti_exceptions=no
lt_cv_prog_compiler_static_works=yes
lt_cv_prog_gnu_ld=yes
lt_cv_sharedlib_from_linklib_cmd='printf %s\n'
lt_cv_shlibpath_overrides_runpath=no
lt_cv_sys_global_symbol_pipe='sed -n -e '\''s/^.*[	 ]\([ABCDGIRSTW][ABCDGIRSTW]*\)[	 ][	 ]*\([_A-Za-z][_A-Za-z0-9]*\)$/\1 \2 \2/p'\'' | sed '\''/ __gnu_lto/d'\'''
lt_cv_sys_global_symbol_to_c_name_address='sed -n -e '\''s/^: \([^ ]*\)[ ]*$/  {\"\1\", (void *) 0},/p'\'' -e '\''s/^[ABCDGIRSTW]* \([^ ]*\) \([^ ]*\)$/  {"\2", (void *) \&\2},/p'\'''
lt_cv_sys_global_symbol_to_c_name_address_lib_prefix='sed -n -e '\''s/^: \([^ ]*\)[ ]*$/  {\"\1\", (void *) 0},/p'\'' -e '\''s/^[ABCDGIRSTW]* \([^ ]*\) \(lib[^ ]*\)$/  {"\2", (void *) \&\2},/p'\'' -e '\''s/^[ABCDGIRSTW]* \([^ ]*\) \([^ ]*\)$/  {"lib\2", (void *) \&\2},/p'\'''
lt_cv_sys_global_symbol_to_cdecl='sed -n -e '\''s/^T .* \(.*\)$/extern int \1();/p'\'' -e '\''s/^[ABCDGIRSTW]* .* \(.*\)$/extern char \1;/p'\'''
lt_cv_sys_max_cmd_len=1572864
lt_cv_to_host_file_cmd=func_convert_file_noop
lt_cv_to_tool_file_cmd=func_convert_file_noop
pkg_cv_libuuid_CFLAGS='-I/usr/include/uuid  '
pkg_cv_libuuid_LIBS='-luuid  '

## ----------------- ##
## Output variables. ##
## ----------------- ##

ACLOCAL='${SHELL} /home/jedisty/F2FS/f2fs-tools/build-aux/missing aclocal-1.14'
AMDEPBACKSLASH='\'
AMDEP_FALSE='#'
AMDEP_TRUE=''
AMTAR='$${TAR-tar}'
AM_BACKSLASH='\'
AM_DEFAULT_V='$(AM_DEFAULT_VERBOSITY)'
AM_DEFAULT_VERBOSITY='1'
AM_V='$(V)'
AR='ar'
AUTOCONF='${SHELL} /home/jedisty/F2FS/f2fs-tools/build-aux/missing autoconf'
AUTOHEADER='${SHELL} /home/jedisty/F2FS/f2fs-tools/build-aux/missing autoheader'
AUTOMAKE='${SHELL} /home/jedisty/F2FS/f2fs-tools/build-aux/missing automake-1.14'
AWK='mawk'
CC='gcc'
CCDEPMODE='depmode=gcc3'
CFLAGS='-g -O2'
CPP='gcc -E'
CPPFLAGS=''
CYGPATH_W='echo'
DEFS='-DHAVE_CONFIG_H'
DEPDIR='.deps'
DLLTOOL='false'
DSYMUTIL=''
DUMPBIN=''
ECHO_C=''
ECHO_N='-n'
ECHO_T=''
EGREP='/bin/grep -E'
EXEEXT=''
FGREP='/bin/grep -F'
GREP='/bin/grep'
INSTALL_DATA='${INSTALL} -m 644'
INSTALL_PROGRAM='${INSTALL}'
INSTALL_SCRIPT='${INSTALL}'
INSTALL_STRIP_PROGRAM='$(install_sh) -c -s'
LD='/usr/bin/ld -m elf_x86_64'
LDCONFIG='/sbin/ldconfig'
LDFLAGS=''
LIBOBJS=''
LIBS=''
LIBTOOL='$(SHELL) $(top_builddir)/libtool'
LIPO=''
LN_S='ln -s'
LTLIBOBJS=''
MAKEINFO='${SHELL} /home/jedisty/F2FS/f2fs-tools/build-aux/missing makeinfo'
MANIFEST_TOOL=':'
MKDIR_P='/bin/mkdir -p'
NM='/usr/bin/nm -B'
NMEDIT=''
OBJDUMP='objdump'
OBJEXT='o'
OTOOL64=''
OTOOL=''
PACKAGE='f2fs-tools'
PACKAGE_BUGREPORT='linux-f2fs-devel@lists.sourceforge.net'
PACKAGE_NAME='F2FS tools'
PACKAGE_STRING='F2FS tools 1.4.0'
PACKAGE_TARNAME='f2fs-tools'
PACKAGE_URL=''
PACKAGE_VERSION='1.4.0'
PATH_SEPARATOR=':'
PKG_CONFIG='/usr/bin/pkg-config'
PKG_CONFIG_LIBDIR=''
PKG_CONFIG_PATH=''
RANLIB='ranlib'
SED='/bin/sed'
SET_MAKE=''
SHELL='/bin/bash'
STRIP='strip'
VERSION='1.4.0'
ac_ct_AR='ar'
ac_ct_CC='gcc'
ac_ct_DUMPBIN=''
am__EXEEXT_FALSE=''
am__EXEEXT_TRUE='#'
am__fastdepCC_FALSE='#'
am__fastdepCC_TRUE=''
am__include='include'
am__isrc=''
am__leading_dot='.'
am__nodep='_no'
am__quote=''
am__tar='tar --format=posix -chf - "$$tardir"'
am__untar='tar -xf -'
bindir='${exec_prefix}/bin'
build='x86_64-unknown-linux-gnu'
build_alias=''
build_cpu='x86_64'
build_os='linux-gnu'
build_vendor='unknown'
datadir='${datarootdir}'
datarootdir='${prefix}/share'
docdir='${datarootdir}/doc/${PACKAGE_TARNAME}'
dvidir='${docdir}'
exec_prefix='${prefix}'
host='x86_64-unknown-linux-gnu'
host_alias=''
host_cpu='x86_64'
host_os='linux-gnu'
host_vendor='unknown'
htmldir='${docdir}'
includedir='${prefix}/include'
infodir='${datarootdir}/info'
install_sh='${SHELL} /home/jedisty/F2FS/f2fs-tools/build-aux/install-sh'
libdir='${exec_prefix}/lib'
libexecdir='${exec_prefix}/libexec'
libuuid_CFLAGS='-I/usr/include/uuid  '
libuuid_LIBS='-luuid  '
localedir='${datarootdir}/locale'
localstatedir='/var'
mandir='${datarootdir}/man'
mkdir_p='$(MKDIR_P)'
oldincludedir='/usr/include'
pdfdir='${docdir}'
prefix='/usr'
program_transform_name='s,x,x,'
psdir='${docdir}'
sbindir='/sbin'
sharedstatedir='${prefix}/com'
sysconfdir='/etc'
target_alias=''

## ----------- ##
## confdefs.h. ##
## ----------- ##

/* confdefs.h */
#define PACKAGE_NAME "F2FS tools"
#define PACKAGE_TARNAME "f2fs-tools"
#define PACKAGE_VERSION "1.4.0"
#define PACKAGE_STRING "F2FS tools 1.4.0"
#define PACKAGE_BUGREPORT "linux-f2fs-devel@lists.sourceforge.net"
#define PACKAGE_URL ""
#define F2FS_TOOLS_VERSION "1.4.0"
#define F2FS_MAJOR_VERSION 1
#define F2FS_MINOR_VERSION 4
#define F2FS_TOOLS_DATE "2014-09-18"
#define PACKAGE "f2fs-tools"
#define VERSION "1.4.0"
#define STDC_HEADERS 1
#define HAVE_SYS_TYPES_H 1
#define HAVE_SYS_STAT_H 1
#define HAVE_STDLIB_H 1
#define HAVE_STRING_H 1
#define HAVE_MEMORY_H 1
#define HAVE_STRINGS_H 1
#define HAVE_INTTYPES_H 1
#define HAVE_STDINT_H 1
#define HAVE_UNISTD_H 1
#define HAVE_FCNTL_H 1
#define HAVE_MNTENT_H 1
#define HAVE_STDLIB_H 1
#define HAVE_STRING_H 1
#define HAVE_UNISTD_H 1
#define HAVE_SYS_IOCTL_H 1
#define HAVE_SYS_MOUNT_H 1
#define HAVE_DLFCN_H 1
#define LT_OBJDIR ".libs/"
#define HAVE_LINUX_FS_H 1
#define HAVE_FCNTL_H 1
#define HAVE_MNTENT_H 1
#define HAVE_STDLIB_H 1
#define HAVE_STRING_H 1
#define HAVE_SYS_IOCTL_H 1
#define HAVE_SYS_MOUNT_H 1
#define HAVE_UNISTD_H 1
#define HAVE_LINUX_FALLOC_H 1
#define HAVE_BYTESWAP_H 1
#define HAVE_GETMNTENT 1
#define HAVE_GETMNTENT 1
#define HAVE_MEMSET 1
#define HAVE_DECL_BSWAP_64 1

configure: exit 0
